<?xml version="1.0" encoding="utf-8"?><testsuites name="pytest tests"><testsuite name="pytest" errors="0" failures="1" skipped="0" tests="11" time="1.723" timestamp="2026-04-19T23:09:25.708472+00:00" hostname="agent-env-3ba4aad6-b8cc-4732-867d-7eb1fa132e7c"><testcase classname="tests.test_park_guru_api.TestParks" name="test_list_parks_63" time="0.224" /><testcase classname="tests.test_park_guru_api.TestParks" name="test_get_park_detail_sequ" time="0.053" /><testcase classname="tests.test_park_guru_api.TestParks" name="test_get_park_detail_kica" time="0.054" /><testcase classname="tests.test_park_guru_api.TestParks" name="test_get_park_404" time="0.047" /><testcase classname="tests.test_park_guru_api.TestStartCities" name="test_list_start_cities" time="0.046" /><testcase classname="tests.test_park_guru_api.TestGeocode" name="test_geocode_denver" time="0.143" /><testcase classname="tests.test_park_guru_api.TestGeocode" name="test_geocode_too_short" time="0.044" /><testcase classname="tests.test_park_guru_api.TestPlanTripCustom" name="test_plan_custom_coords" time="0.046" /><testcase classname="tests.test_park_guru_api.TestSubscriptions" name="test_list_packages" time="0.045" /><testcase classname="tests.test_park_guru_api.TestSubscriptions" name="test_checkout_valid" time="0.778"><failure message="AssertionError: Internal Server Error&#10;assert 500 == 200&#10; +  where 500 = &lt;Response [500]&gt;.status_code">tests/test_park_guru_api.py:123: in test_checkout_valid
    assert s.status_code == 200, s.text
E   AssertionError: Internal Server Error
E   assert 500 == 200
E    +  where 500 = &lt;Response [500]&gt;.status_code</failure></testcase><testcase classname="tests.test_park_guru_api.TestSubscriptions" name="test_checkout_invalid_package" time="0.047" /></testsuite></testsuites>