<?xml version="1.0" encoding="utf-8"?><testsuites name="pytest tests"><testsuite name="pytest" errors="0" failures="0" skipped="0" tests="9" time="0.730" timestamp="2026-04-19T22:29:09.853238+00:00" hostname="agent-env-3ba4aad6-b8cc-4732-867d-7eb1fa132e7c"><testcase classname="backend.tests.test_park_guru_api.TestParks" name="test_list_parks_returns_many" time="0.144" /><testcase classname="backend.tests.test_park_guru_api.TestParks" name="test_get_park_detail_curated" time="0.050" /><testcase classname="backend.tests.test_park_guru_api.TestParks" name="test_get_park_detail_generic" time="0.048" /><testcase classname="backend.tests.test_park_guru_api.TestParks" name="test_get_park_404" time="0.047" /><testcase classname="backend.tests.test_park_guru_api.TestStartCities" name="test_list_start_cities" time="0.054" /><testcase classname="backend.tests.test_park_guru_api.TestPlanTrip" name="test_plan_auto_las_5" time="0.060" /><testcase classname="backend.tests.test_park_guru_api.TestPlanTrip" name="test_plan_manual_three_parks" time="0.049" /><testcase classname="backend.tests.test_park_guru_api.TestPlanTrip" name="test_plan_invalid_city" time="0.052" /><testcase classname="backend.tests.test_park_guru_api.TestPlanTrip" name="test_plan_duration_too_short" time="0.050" /></testsuite></testsuites>